[debug] [2025-11-08T18:30:52.403Z] ----------------------------------------------------------------------
[debug] [2025-11-08T18:30:52.408Z] Command:       /home/himxa/nodejs/node-v22.21.0-linux-x64/bin/node /home/himxa/nodejs/node-v22.21.0-linux-x64/bin/firebase init
[debug] [2025-11-08T18:30:52.409Z] CLI Version:   14.24.1
[debug] [2025-11-08T18:30:52.409Z] Platform:      linux
[debug] [2025-11-08T18:30:52.409Z] Node Version:  v22.21.0
[debug] [2025-11-08T18:30:52.410Z] Time:          Sat Nov 08 2025 19:30:52 GMT+0100 (West Africa Standard Time)
[debug] [2025-11-08T18:30:52.410Z] ----------------------------------------------------------------------
[debug] 
[info] 
     ######## #### ########  ######## ########     ###     ######  ########
     ##        ##  ##     ## ##       ##     ##  ##   ##  ##       ##
     ######    ##  ########  ######   ########  #########  ######  ######
     ##        ##  ##    ##  ##       ##     ## ##     ##       ## ##
     ##       #### ##     ## ######## ########  ##     ##  ######  ########

You're about to initialize a Firebase project in this directory:

  /home/himxa/Desktop/basic-social

[info] 
=== Project Setup
[info] 
[info] First, let's associate this project directory with a Firebase project.
[info] You can create multiple project aliases by running firebase use --add, 
[info] 
[debug] [2025-11-08T18:31:19.145Z] > command requires scopes: ["email","openid","https://www.googleapis.com/auth/cloudplatformprojects.readonly","https://www.googleapis.com/auth/firebase","https://www.googleapis.com/auth/cloud-platform"]
[debug] [2025-11-08T18:31:19.152Z] > authorizing via signed-in user (himxa0x@gmail.com)
[debug] [2025-11-08T18:31:19.163Z] Checked if tokens are valid: true, expires at: 1762629974562
[debug] [2025-11-08T18:31:19.164Z] Checked if tokens are valid: true, expires at: 1762629974562
[debug] [2025-11-08T18:31:19.175Z] >>> [apiv2][query] GET https://firebase.googleapis.com/v1beta1/projects/shit-posting-33453 [none]
[debug] [2025-11-08T18:31:20.170Z] <<< [apiv2][status] GET https://firebase.googleapis.com/v1beta1/projects/shit-posting-33453 200
[debug] [2025-11-08T18:31:20.171Z] <<< [apiv2][body] GET https://firebase.googleapis.com/v1beta1/projects/shit-posting-33453 {"projectId":"shit-posting-33453","projectNumber":"35238148333","displayName":"shit-posting","name":"projects/shit-posting-33453","resources":{"hostingSite":"shit-posting-33453"},"state":"ACTIVE","etag":"1_9595c7c9-e136-4866-853e-50e3a1243def"}
[info] i  Using project shit-posting-33453 (shit-posting) . 
[info] 
=== Hosting Setup
[debug] [2025-11-08T18:31:20.193Z] Checked if tokens are valid: true, expires at: 1762629974562
[debug] [2025-11-08T18:31:20.193Z] Checked if tokens are valid: true, expires at: 1762629974562
[debug] [2025-11-08T18:31:20.193Z] >>> [apiv2][query] GET https://firebase.googleapis.com/v1beta1/projects/shit-posting-33453 [none]
[debug] [2025-11-08T18:31:20.619Z] <<< [apiv2][status] GET https://firebase.googleapis.com/v1beta1/projects/shit-posting-33453 200
[debug] [2025-11-08T18:31:20.619Z] <<< [apiv2][body] GET https://firebase.googleapis.com/v1beta1/projects/shit-posting-33453 {"projectId":"shit-posting-33453","projectNumber":"35238148333","displayName":"shit-posting","name":"projects/shit-posting-33453","resources":{"hostingSite":"shit-posting-33453"},"state":"ACTIVE","etag":"1_9595c7c9-e136-4866-853e-50e3a1243def"}
[info] 
[info] Your public directory is the folder (relative to your project directory) that
[info] will contain Hosting assets to be uploaded with firebase deploy. If you
[info] have a build process for your assets, use your build's output directory.
[info] 
[debug] [2025-11-08T18:34:05.896Z] ExitPromptError: User force closed the prompt with SIGINT
    at Interface.sigint (/home/himxa/nodejs/node-v22.21.0-linux-x64/lib/node_modules/firebase-tools/node_modules/@inquirer/core/dist/commonjs/lib/create-prompt.js:101:37)
    at Interface.emit (node:events:519:28)
    at Interface.emit (node:domain:489:12)
    at [_ttyWrite] [as _ttyWrite] (node:internal/readline/interface:1134:18)
    at ReadStream.onkeypress (node:internal/readline/interface:271:20)
    at ReadStream.emit (node:events:531:35)
    at ReadStream.emit (node:domain:489:12)
    at emitKeys (node:internal/readline/utils:370:14)
    at emitKeys.next (<anonymous>)
    at ReadStream.onData (node:internal/readline/emitKeypressEvents:64:36)
[error] 
[error] Error: An unexpected error has occurred.
